<?xml version="1.0" encoding="UTF-8"?>
<!-- Generated by org.testng.reporters.JUnitReportReporter -->
<testsuite hostname="AshishLaptop" name="Academy1.HomePage1" tests="1" failures="0" timestamp="29 Aug 2020 14:57:39 GMT" time="8.026" errors="0">
  <testcase name="basepageNavigation" time="8.026" classname="Academy1.HomePage1"/>
</testsuite> <!-- Academy1.HomePage1 -->
