<?xml version="1.0" encoding="UTF-8"?>
<!-- Generated by org.testng.reporters.JUnitReportReporter -->
<testsuite hostname="AshishLaptop" name="Academy1.HomePage1" tests="1" failures="0" timestamp="1 Sep 2020 18:43:48 GMT" time="7.529" errors="0">
  <testcase name="basepageNavigation" time="7.529" classname="Academy1.HomePage1"/>
</testsuite> <!-- Academy1.HomePage1 -->
